samplesApiDemos/build/outputs/logs/manifest-merger-release-report.txt
-- Merging decision tree log ---
manifest
ADDED from src/main/AndroidManifest.xml:2:1-3885:12
INJECTED from src/main/AndroidManifest.xml:2:1-3885:12
MERGED from [com.android.support:design:27.1.1] AndroidManifest.xml:17:1-22:12
MERGED from [com.android.support:appcompat-v7:27.1.1] AndroidManifest.xml:17:1-22:12
MERGED from [com.android.support:support-v4:27.1.1] AndroidManifest.xml:17:1-22:12
MERGED from [com.android.support:support-media-compat:27.1.1] AndroidManifest.xml:17:1-22:12
MERGED from [com.android.support:support-fragment:27.1.1] AndroidManifest.xml:17:1-22:12
MERGED from [com.android.support:animated-vector-drawable:27.1.1] AndroidManifest.xml:17:1-22:12
MERGED from [com.android.support:recyclerview-v7:27.1.1] AndroidManifest.xml:17:1-22:12
MERGED from [com.android.support:support-core-ui:27.1.1] AndroidManifest.xml:17:1-22:12
MERGED from [com.android.support:support-core-utils:27.1.1] AndroidManifest.xml:17:1-22:12
MERGED from [com.android.support:support-vector-drawable:27.1.1] AndroidManifest.xml:17:1-22:12
MERGED from [com.android.support:transition:27.1.1] AndroidManifest.xml:17:1-22:12
MERGED from [com.android.support:support-compat:27.1.1] AndroidManifest.xml:17:1-22:12
MERGED from [com.android.support.constraint:constraint-layout:1.1.3] AndroidManifest.xml:2:1-11:12
MERGED from [android.arch.lifecycle:runtime:1.1.0] AndroidManifest.xml:17:1-22:12
MERGED from [android.arch.lifecycle:livedata-core:1.1.0] AndroidManifest.xml:17:1-22:12
MERGED from [android.arch.lifecycle:viewmodel:1.1.0] AndroidManifest.xml:17:1-22:12
MERGED from [android.arch.core:runtime:1.1.0] AndroidManifest.xml:17:1-22:12
INJECTED from src/main/AndroidManifest.xml:2:1-3885:12
	package
		ADDED from src/main/AndroidManifest.xml:3:5-39
		INJECTED from src/main/AndroidManifest.xml
		INJECTED from src/main/AndroidManifest.xml
	xmlns:android
		ADDED from src/main/AndroidManifest.xml:2:11-69
	android:installLocation
		ADDED from src/main/AndroidManifest.xml:4:5-35
uses-permission#android.permission.READ_CONTACTS
ADDED from src/main/AndroidManifest.xml:6:5-72
	android:name
		ADDED from src/main/AndroidManifest.xml:6:22-69
uses-permission#android.permission.WRITE_CONTACTS
ADDED from src/main/AndroidManifest.xml:7:5-73
	android:name
		ADDED from src/main/AndroidManifest.xml:7:22-70
uses-permission#android.permission.VIBRATE
ADDED from src/main/AndroidManifest.xml:8:5-66
	android:name
		ADDED from src/main/AndroidManifest.xml:8:22-63
uses-permission#android.permission.ACCESS_COARSE_LOCATION
ADDED from src/main/AndroidManifest.xml:9:5-81
	android:name
		ADDED from src/main/AndroidManifest.xml:9:22-78
uses-permission#android.permission.INTERNET
ADDED from src/main/AndroidManifest.xml:10:5-67
	android:name
		ADDED from src/main/AndroidManifest.xml:10:22-64
uses-permission#android.permission.SET_WALLPAPER
ADDED from src/main/AndroidManifest.xml:11:5-72
	android:name
		ADDED from src/main/AndroidManifest.xml:11:22-69
uses-permission#android.permission.WRITE_EXTERNAL_STORAGE
ADDED from src/main/AndroidManifest.xml:12:5-81
	android:name
		ADDED from src/main/AndroidManifest.xml:12:22-78
uses-permission#android.permission.SEND_SMS
ADDED from src/main/AndroidManifest.xml:13:5-67
	android:name
		ADDED from src/main/AndroidManifest.xml:13:22-64
uses-permission#android.permission.RECEIVE_SMS
ADDED from src/main/AndroidManifest.xml:14:5-70
	android:name
		ADDED from src/main/AndroidManifest.xml:14:22-67
uses-permission#android.permission.RECEIVE_MMS
ADDED from src/main/AndroidManifest.xml:15:5-70
	android:name
		ADDED from src/main/AndroidManifest.xml:15:22-67
uses-permission#android.permission.WRITE_SMS
ADDED from src/main/AndroidManifest.xml:16:5-68
	android:name
		ADDED from src/main/AndroidManifest.xml:16:22-65
uses-permission#android.permission.READ_SMS
ADDED from src/main/AndroidManifest.xml:17:5-67
	android:name
		ADDED from src/main/AndroidManifest.xml:17:22-64
uses-permission#android.permission.NFC
ADDED from src/main/AndroidManifest.xml:18:5-62
	android:name
		ADDED from src/main/AndroidManifest.xml:18:22-59
uses-permission#android.permission.TRANSMIT_IR
ADDED from src/main/AndroidManifest.xml:19:5-70
	android:name
		ADDED from src/main/AndroidManifest.xml:19:22-67
uses-permission#android.permission.READ_PHONE_STATE
ADDED from src/main/AndroidManifest.xml:20:5-75
	android:name
		ADDED from src/main/AndroidManifest.xml:20:22-72
uses-permission#android.permission.WAKE_LOCK
ADDED from src/main/AndroidManifest.xml:21:5-68
	android:name
		ADDED from src/main/AndroidManifest.xml:21:22-65
uses-permission#android.permission.FOREGROUND_SERVICE
ADDED from src/main/AndroidManifest.xml:22:5-77
	android:name
		ADDED from src/main/AndroidManifest.xml:22:22-74
uses-permission#android.permission.REQUEST_INSTALL_PACKAGES
ADDED from src/main/AndroidManifest.xml:23:5-83
	android:name
		ADDED from src/main/AndroidManifest.xml:23:22-80
uses-permission#android.permission.REQUEST_DELETE_PACKAGES
ADDED from src/main/AndroidManifest.xml:24:5-82
	android:name
		ADDED from src/main/AndroidManifest.xml:24:22-79
uses-permission#android.permission.SYSTEM_ALERT_WINDOW
ADDED from src/main/AndroidManifest.xml:25:5-78
	android:name
		ADDED from src/main/AndroidManifest.xml:25:22-75
uses-permission#android.permission.RECORD_AUDIO
ADDED from src/main/AndroidManifest.xml:26:5-71
	android:name
		ADDED from src/main/AndroidManifest.xml:26:22-68
uses-permission#android.permission.ACCESS_FINE_LOCATION
ADDED from src/main/AndroidManifest.xml:28:5-79
	android:name
		ADDED from src/main/AndroidManifest.xml:28:22-76
uses-permission#android.permission.CAMERA
ADDED from src/main/AndroidManifest.xml:33:5-65
	android:name
		ADDED from src/main/AndroidManifest.xml:33:22-62
uses-feature#android.hardware.camera
ADDED from src/main/AndroidManifest.xml:35:5-60
	android:name
		ADDED from src/main/AndroidManifest.xml:35:19-57
uses-feature#android.hardware.camera.autofocus
ADDED from src/main/AndroidManifest.xml:36:5-38:36
	android:required
		ADDED from src/main/AndroidManifest.xml:38:9-33
	android:name
		ADDED from src/main/AndroidManifest.xml:37:9-57
instrumentation
ADDED from src/main/AndroidManifest.xml:40:5-43:60
	android:label
		ADDED from src/main/AndroidManifest.xml:42:9-37
	android:targetPackage
		ADDED from src/main/AndroidManifest.xml:43:9-57
	android:name
		ADDED from src/main/AndroidManifest.xml:41:9-55
application
ADDED from src/main/AndroidManifest.xml:45:5-3883:19
MERGED from [com.android.support.constraint:constraint-layout:1.1.3] AndroidManifest.xml:9:5-20
MERGED from [com.android.support.constraint:constraint-layout:1.1.3] AndroidManifest.xml:9:5-20
	android:supportsRtl
		ADDED from src/main/AndroidManifest.xml:50:9-35
	android:label
		ADDED from src/main/AndroidManifest.xml:49:9-53
	android:hardwareAccelerated
		ADDED from src/main/AndroidManifest.xml:47:9-43
	android:icon
		ADDED from src/main/AndroidManifest.xml:48:9-49
	android:theme
		ADDED from src/main/AndroidManifest.xml:51:9-74
	android:name
		ADDED from src/main/AndroidManifest.xml:46:9-44
uses-library#com.example.will.never.exist
ADDED from src/main/AndroidManifest.xml:57:9-59:40
	android:required
		ADDED from src/main/AndroidManifest.xml:59:13-37
	android:name
		ADDED from src/main/AndroidManifest.xml:58:13-56
activity#com.example.android.apis.ApiDemos
ADDED from src/main/AndroidManifest.xml:61:9-68:20
	android:name
		ADDED from src/main/AndroidManifest.xml:61:19-43
intent-filter#action:name:android.intent.action.MAIN+category:name:android.intent.category.DEFAULT+category:name:android.intent.category.LAUNCHER
ADDED from src/main/AndroidManifest.xml:62:13-67:29
action#android.intent.action.MAIN
ADDED from src/main/AndroidManifest.xml:63:17-69
	android:name
		ADDED from src/main/AndroidManifest.xml:63:25-66
category#android.intent.category.DEFAULT
ADDED from src/main/AndroidManifest.xml:65:17-76
	android:name
		ADDED from src/main/AndroidManifest.xml:65:27-73
category#android.intent.category.LAUNCHER
ADDED from src/main/AndroidManifest.xml:66:17-77
	android:name
		ADDED from src/main/AndroidManifest.xml:66:27-74
activity#com.example.android.apis.app.HelloWorld
ADDED from src/main/AndroidManifest.xml:72:9-80:20
	android:label
		ADDED from src/main/AndroidManifest.xml:74:13-57
	android:name
		ADDED from src/main/AndroidManifest.xml:73:13-43
intent-filter#action:name:android.intent.action.MAIN+category:name:android.intent.category.SAMPLE_CODE
ADDED from src/main/AndroidManifest.xml:75:13-79:29
category#android.intent.category.SAMPLE_CODE
ADDED from src/main/AndroidManifest.xml:78:17-80
	android:name
		ADDED from src/main/AndroidManifest.xml:78:27-77
activity#com.example.android.apis.app.DialogActivity
ADDED from src/main/AndroidManifest.xml:81:9-90:20
	android:label
		ADDED from src/main/AndroidManifest.xml:83:13-52
	android:theme
		ADDED from src/main/AndroidManifest.xml:84:13-54
	android:name
		ADDED from src/main/AndroidManifest.xml:82:13-47
activity#com.example.android.apis.app.CustomDialogActivity
ADDED from src/main/AndroidManifest.xml:91:9-100:20
	android:label
		ADDED from src/main/AndroidManifest.xml:93:13-59
	android:theme
		ADDED from src/main/AndroidManifest.xml:94:13-54
	android:name
		ADDED from src/main/AndroidManifest.xml:92:13-53
activity#com.example.android.apis.app.OverscanActivity
ADDED from src/main/AndroidManifest.xml:101:9-111:20
	android:enabled
		ADDED from src/main/AndroidManifest.xml:103:13-56
	android:label
		ADDED from src/main/AndroidManifest.xml:104:13-54
	android:theme
		ADDED from src/main/AndroidManifest.xml:105:13-75
	android:name
		ADDED from src/main/AndroidManifest.xml:102:13-49
activity#com.example.android.apis.app.QuickContactsDemo
ADDED from src/main/AndroidManifest.xml:112:9-120:20
	android:label
		ADDED from src/main/AndroidManifest.xml:114:13-56
	android:name
		ADDED from src/main/AndroidManifest.xml:113:13-50
activity#com.example.android.apis.app.WallpaperActivity
ADDED from src/main/AndroidManifest.xml:121:9-130:20
	android:label
		ADDED from src/main/AndroidManifest.xml:123:13-55
	android:theme
		ADDED from src/main/AndroidManifest.xml:124:13-51
	android:name
		ADDED from src/main/AndroidManifest.xml:122:13-50
activity#com.example.android.apis.app.TranslucentActivity
ADDED from src/main/AndroidManifest.xml:131:9-140:20
	android:label
		ADDED from src/main/AndroidManifest.xml:133:13-57
	android:theme
		ADDED from src/main/AndroidManifest.xml:134:13-53
	android:name
		ADDED from src/main/AndroidManifest.xml:132:13-52
activity#com.example.android.apis.app.TranslucentBlurActivity
ADDED from src/main/AndroidManifest.xml:141:9-150:20
	android:label
		ADDED from src/main/AndroidManifest.xml:143:13-62
	android:theme
		ADDED from src/main/AndroidManifest.xml:144:13-53
	android:name
		ADDED from src/main/AndroidManifest.xml:142:13-56
activity#com.example.android.apis.app.Animation
ADDED from src/main/AndroidManifest.xml:151:9-159:20
	android:label
		ADDED from src/main/AndroidManifest.xml:153:13-55
	android:name
		ADDED from src/main/AndroidManifest.xml:152:13-42
activity#com.example.android.apis.app.SaveRestoreState
ADDED from src/main/AndroidManifest.xml:160:9-169:20
	android:label
		ADDED from src/main/AndroidManifest.xml:162:13-58
	android:windowSoftInputMode
		ADDED from src/main/AndroidManifest.xml:163:13-68
	android:name
		ADDED from src/main/AndroidManifest.xml:161:13-49
activity#com.example.android.apis.app.PersistentState
ADDED from src/main/AndroidManifest.xml:170:9-179:20
	android:label
		ADDED from src/main/AndroidManifest.xml:172:13-56
	android:windowSoftInputMode
		ADDED from src/main/AndroidManifest.xml:173:13-68
	android:name
		ADDED from src/main/AndroidManifest.xml:171:13-48
activity#com.example.android.apis.app.ActivityRecreate
ADDED from src/main/AndroidManifest.xml:180:9-189:20
	android:enabled
		ADDED from src/main/AndroidManifest.xml:182:13-53
	android:label
		ADDED from src/main/AndroidManifest.xml:183:13-54
	android:name
		ADDED from src/main/AndroidManifest.xml:181:13-49
activity#com.example.android.apis.app.FinishAffinity
ADDED from src/main/AndroidManifest.xml:190:9-200:20
	android:enabled
		ADDED from src/main/AndroidManifest.xml:192:13-53
	android:label
		ADDED from src/main/AndroidManifest.xml:193:13-61
	android:taskAffinity
		ADDED from src/main/AndroidManifest.xml:194:13-46
	android:name
		ADDED from src/main/AndroidManifest.xml:191:13-47
activity#com.example.android.apis.app.SoftInputModes
ADDED from src/main/AndroidManifest.xml:201:9-209:20
	android:label
		ADDED from src/main/AndroidManifest.xml:203:13-53
	android:name
		ADDED from src/main/AndroidManifest.xml:202:13-47
activity#com.example.android.apis.app.ReceiveResult
ADDED from src/main/AndroidManifest.xml:210:9-218:20
	android:label
		ADDED from src/main/AndroidManifest.xml:212:13-60
	android:name
		ADDED from src/main/AndroidManifest.xml:211:13-46
activity#com.example.android.apis.app.SendResult
ADDED from src/main/AndroidManifest.xml:219:9-221:59
	android:theme
		ADDED from src/main/AndroidManifest.xml:221:13-56
	android:name
		ADDED from src/main/AndroidManifest.xml:220:13-43
activity#com.example.android.apis.app.Forwarding
ADDED from src/main/AndroidManifest.xml:222:9-230:20
	android:label
		ADDED from src/main/AndroidManifest.xml:224:13-56
	android:name
		ADDED from src/main/AndroidManifest.xml:223:13-43
activity#com.example.android.apis.app.ForwardTarget
ADDED from src/main/AndroidManifest.xml:231:9-55
	android:name
		ADDED from src/main/AndroidManifest.xml:231:19-52
activity#com.example.android.apis.app.RedirectEnter
ADDED from src/main/AndroidManifest.xml:232:9-240:20
	android:label
		ADDED from src/main/AndroidManifest.xml:234:13-54
	android:name
		ADDED from src/main/AndroidManifest.xml:233:13-46
activity#com.example.android.apis.app.RedirectMain
ADDED from src/main/AndroidManifest.xml:241:9-54
	android:name
		ADDED from src/main/AndroidManifest.xml:241:19-51
activity#com.example.android.apis.app.RedirectGetter
ADDED from src/main/AndroidManifest.xml:242:9-56
	android:name
		ADDED from src/main/AndroidManifest.xml:242:19-53
activity#com.example.android.apis.app.CustomTitle
ADDED from src/main/AndroidManifest.xml:247:9-257:20
	android:label
		ADDED from src/main/AndroidManifest.xml:249:13-58
	android:windowSoftInputMode
		ADDED from src/main/AndroidManifest.xml:251:13-65
	android:theme
		ADDED from src/main/AndroidManifest.xml:250:13-49
	android:name
		ADDED from src/main/AndroidManifest.xml:248:13-44
activity#com.example.android.apis.app.ReorderOnLaunch
ADDED from src/main/AndroidManifest.xml:258:9-266:20
	android:label
		ADDED from src/main/AndroidManifest.xml:260:13-53
	android:name
		ADDED from src/main/AndroidManifest.xml:259:13-48
activity#com.example.android.apis.app.RotationAnimation
ADDED from src/main/AndroidManifest.xml:267:9-276:20
	android:label
		ADDED from src/main/AndroidManifest.xml:269:13-64
	android:rotationAnimation
		ADDED from src/main/AndroidManifest.xml:270:13-50
	android:name
		ADDED from src/main/AndroidManifest.xml:268:13-50
activity#com.example.android.apis.app.ReorderTwo
ADDED from src/main/AndroidManifest.xml:277:9-52
	android:name
		ADDED from src/main/AndroidManifest.xml:277:19-49
activity#com.example.android.apis.app.ReorderThree
ADDED from src/main/AndroidManifest.xml:278:9-54
	android:name
		ADDED from src/main/AndroidManifest.xml:278:19-51
activity#com.example.android.apis.app.ReorderFour
ADDED from src/main/AndroidManifest.xml:279:9-53
	android:name
		ADDED from src/main/AndroidManifest.xml:279:19-50
activity#com.example.android.apis.app.SetWallpaperActivity
ADDED from src/main/AndroidManifest.xml:280:9-288:20
	android:label
		ADDED from src/main/AndroidManifest.xml:282:13-58
	android:name
		ADDED from src/main/AndroidManifest.xml:281:13-53
activity#com.example.android.apis.app.ScreenOrientation
ADDED from src/main/AndroidManifest.xml:289:9-297:20
	android:label
		ADDED from src/main/AndroidManifest.xml:291:13-64
	android:name
		ADDED from src/main/AndroidManifest.xml:290:13-50
activity#com.example.android.apis.app.PictureInPicture
ADDED from src/main/AndroidManifest.xml:298:9-309:20
	android:label
		ADDED from src/main/AndroidManifest.xml:301:13-64
	android:supportsPictureInPicture
		ADDED from src/main/AndroidManifest.xml:303:13-52
	android:resizeableActivity
		ADDED from src/main/AndroidManifest.xml:302:13-46
	android:configChanges
		ADDED from src/main/AndroidManifest.xml:300:13-91
	android:name
		ADDED from src/main/AndroidManifest.xml:299:13-49
activity#com.example.android.apis.app.MaxAspectRatio$Square
ADDED from src/main/AndroidManifest.xml:310:9-321:20
	android:maxAspectRatio
		ADDED from src/main/AndroidManifest.xml:313:13-39
	android:label
		ADDED from src/main/AndroidManifest.xml:312:13-69
	android:resizeableActivity
		ADDED from src/main/AndroidManifest.xml:314:13-47
	android:theme
		ADDED from src/main/AndroidManifest.xml:315:13-72
	android:name
		ADDED from src/main/AndroidManifest.xml:311:13-54
activity#com.example.android.apis.app.MaxAspectRatio$SixteenToNine
ADDED from src/main/AndroidManifest.xml:322:9-333:20
	android:maxAspectRatio
		ADDED from src/main/AndroidManifest.xml:325:13-48
	android:label
		ADDED from src/main/AndroidManifest.xml:324:13-68
	android:resizeableActivity
		ADDED from src/main/AndroidManifest.xml:326:13-47
	android:theme
		ADDED from src/main/AndroidManifest.xml:327:13-72
	android:name
		ADDED from src/main/AndroidManifest.xml:323:13-61
activity#com.example.android.apis.app.MaxAspectRatio$Any
ADDED from src/main/AndroidManifest.xml:334:9-344:20
	android:label
		ADDED from src/main/AndroidManifest.xml:336:13-66
	android:resizeableActivity
		ADDED from src/main/AndroidManifest.xml:337:13-46
	android:theme
		ADDED from src/main/AndroidManifest.xml:338:13-72
	android:name
		ADDED from src/main/AndroidManifest.xml:335:13-51
activity#com.example.android.apis.app.PresentationActivity
ADDED from src/main/AndroidManifest.xml:345:9-353:20
	android:label
		ADDED from src/main/AndroidManifest.xml:347:13-58
	android:name
		ADDED from src/main/AndroidManifest.xml:346:13-53
activity#com.example.android.apis.app.PresentationWithMediaRouterActivity
ADDED from src/main/AndroidManifest.xml:354:9-362:20
	android:label
		ADDED from src/main/AndroidManifest.xml:356:13-76
	android:name
		ADDED from src/main/AndroidManifest.xml:355:13-68
activity#com.example.android.apis.app.SecureWindowActivity
ADDED from src/main/AndroidManifest.xml:363:9-371:20
	android:label
		ADDED from src/main/AndroidManifest.xml:365:13-59
	android:name
		ADDED from src/main/AndroidManifest.xml:364:13-53
activity#com.example.android.apis.app.SecureDialogActivity
ADDED from src/main/AndroidManifest.xml:372:9-380:20
	android:label
		ADDED from src/main/AndroidManifest.xml:374:13-59
	android:name
		ADDED from src/main/AndroidManifest.xml:373:13-53
activity#com.example.android.apis.app.SecureSurfaceViewActivity
ADDED from src/main/AndroidManifest.xml:381:9-389:20
	android:label
		ADDED from src/main/AndroidManifest.xml:383:13-65
	android:name
		ADDED from src/main/AndroidManifest.xml:382:13-58
activity#com.example.android.apis.app.FragmentAlertDialog
ADDED from src/main/AndroidManifest.xml:390:9-399:20
	android:enabled
		ADDED from src/main/AndroidManifest.xml:392:13-53
	android:label
		ADDED from src/main/AndroidManifest.xml:393:13-58
	android:name
		ADDED from src/main/AndroidManifest.xml:391:13-52
activity#com.example.android.apis.app.FragmentArguments
ADDED from src/main/AndroidManifest.xml:400:9-409:20
	android:enabled
		ADDED from src/main/AndroidManifest.xml:402:13-53
	android:label
		ADDED from src/main/AndroidManifest.xml:403:13-55
	android:name
		ADDED from src/main/AndroidManifest.xml:401:13-50
activity#com.example.android.apis.app.FragmentCustomAnimations
ADDED from src/main/AndroidManifest.xml:410:9-419:20
	android:enabled
		ADDED from src/main/AndroidManifest.xml:412:13-56
	android:label
		ADDED from src/main/AndroidManifest.xml:413:13-63
	android:name
		ADDED from src/main/AndroidManifest.xml:411:13-57
activity#com.example.android.apis.app.FragmentHideShow
ADDED from src/main/AndroidManifest.xml:420:9-430:20
	android:enabled
		ADDED from src/main/AndroidManifest.xml:422:13-53
	android:label
		ADDED from src/main/AndroidManifest.xml:423:13-55
	android:windowSoftInputMode
		ADDED from src/main/AndroidManifest.xml:424:13-57
	android:name
		ADDED from src/main/AndroidManifest.xml:421:13-49
activity#com.example.android.apis.app.FragmentContextMenu
ADDED from src/main/AndroidManifest.xml:431:9-440:20
	android:enabled
		ADDED from src/main/AndroidManifest.xml:433:13-53
	android:label
		ADDED from src/main/AndroidManifest.xml:434:13-58
	android:name
		ADDED from src/main/AndroidManifest.xml:432:13-52
activity#com.example.android.apis.app.FragmentDialog
ADDED from src/main/AndroidManifest.xml:441:9-450:20
	android:enabled
		ADDED from src/main/AndroidManifest.xml:443:13-53
	android:label
		ADDED from src/main/AndroidManifest.xml:444:13-52
	android:name
		ADDED from src/main/AndroidManifest.xml:442:13-47
activity#com.example.android.apis.app.FragmentDialogOrActivity
ADDED from src/main/AndroidManifest.xml:451:9-460:20
	android:enabled
		ADDED from src/main/AndroidManifest.xml:453:13-53
	android:label
		ADDED from src/main/AndroidManifest.xml:454:13-64
	android:name
		ADDED from src/main/AndroidManifest.xml:452:13-57
activity#com.example.android.apis.app.FragmentLayout
ADDED from src/main/AndroidManifest.xml:461:9-470:20
	android:enabled
		ADDED from src/main/AndroidManifest.xml:463:13-53
	android:label
		ADDED from src/main/AndroidManifest.xml:464:13-52
	android:name
		ADDED from src/main/AndroidManifest.xml:462:13-47
activity#com.example.android.apis.app.FragmentLayout$DetailsActivity
ADDED from src/main/AndroidManifest.xml:471:9-473:56
	android:enabled
		ADDED from src/main/AndroidManifest.xml:473:13-53
	android:name
		ADDED from src/main/AndroidManifest.xml:472:13-63
activity#com.example.android.apis.app.FragmentListArray
ADDED from src/main/AndroidManifest.xml:474:9-483:20
	android:enabled
		ADDED from src/main/AndroidManifest.xml:476:13-53
	android:label
		ADDED from src/main/AndroidManifest.xml:477:13-56
	android:name
		ADDED from src/main/AndroidManifest.xml:475:13-50
activity#com.example.android.apis.app.FragmentMenu
ADDED from src/main/AndroidManifest.xml:484:9-493:20
	android:enabled
		ADDED from src/main/AndroidManifest.xml:486:13-53
	android:label
		ADDED from src/main/AndroidManifest.xml:487:13-50
	android:name
		ADDED from src/main/AndroidManifest.xml:485:13-45
activity#com.example.android.apis.app.FragmentNestingTabs
ADDED from src/main/AndroidManifest.xml:494:9-503:20
	android:enabled
		ADDED from src/main/AndroidManifest.xml:496:13-56
	android:label
		ADDED from src/main/AndroidManifest.xml:497:13-58
	android:name
		ADDED from src/main/AndroidManifest.xml:495:13-52
activity#com.example.android.apis.app.FragmentRetainInstance
ADDED from src/main/AndroidManifest.xml:504:9-513:20
	android:enabled
		ADDED from src/main/AndroidManifest.xml:506:13-53
	android:label
		ADDED from src/main/AndroidManifest.xml:507:13-61
	android:name
		ADDED from src/main/AndroidManifest.xml:505:13-55
activity#com.example.android.apis.app.FragmentReceiveResult
ADDED from src/main/AndroidManifest.xml:514:9-523:20
	android:enabled
		ADDED from src/main/AndroidManifest.xml:516:13-53
	android:label
		ADDED from src/main/AndroidManifest.xml:517:13-60
	android:name
		ADDED from src/main/AndroidManifest.xml:515:13-54
activity#com.example.android.apis.app.FragmentStack
ADDED from src/main/AndroidManifest.xml:524:9-533:20
	android:enabled
		ADDED from src/main/AndroidManifest.xml:526:13-53
	android:label
		ADDED from src/main/AndroidManifest.xml:527:13-51
	android:name
		ADDED from src/main/AndroidManifest.xml:525:13-46
activity#com.example.android.apis.app.FragmentTabs
ADDED from src/main/AndroidManifest.xml:534:9-543:20
	android:enabled
		ADDED from src/main/AndroidManifest.xml:536:13-53
	android:label
		ADDED from src/main/AndroidManifest.xml:537:13-50
	android:name
		ADDED from src/main/AndroidManifest.xml:535:13-45
activity#com.example.android.apis.app.LoaderCursor
ADDED from src/main/AndroidManifest.xml:544:9-553:20
	android:enabled
		ADDED from src/main/AndroidManifest.xml:546:13-53
	android:label
		ADDED from src/main/AndroidManifest.xml:547:13-50
	android:name
		ADDED from src/main/AndroidManifest.xml:545:13-45
activity#com.example.android.apis.app.LoaderCustom
ADDED from src/main/AndroidManifest.xml:554:9-563:20
	android:enabled
		ADDED from src/main/AndroidManifest.xml:556:13-53
	android:label
		ADDED from src/main/AndroidManifest.xml:557:13-50
	android:name
		ADDED from src/main/AndroidManifest.xml:555:13-45
activity#com.example.android.apis.app.LoaderThrottle
ADDED from src/main/AndroidManifest.xml:564:9-573:20
	android:enabled
		ADDED from src/main/AndroidManifest.xml:566:13-53
	android:label
		ADDED from src/main/AndroidManifest.xml:567:13-52
	android:name
		ADDED from src/main/AndroidManifest.xml:565:13-47
provider#com.example.android.apis.app.LoaderThrottle$SimpleProvider
ADDED from src/main/AndroidManifest.xml:575:9-578:56
	android:enabled
		ADDED from src/main/AndroidManifest.xml:578:13-53
	android:authorities
		ADDED from src/main/AndroidManifest.xml:577:13-78
	android:name
		ADDED from src/main/AndroidManifest.xml:576:13-62
activity#com.example.android.apis.app.LoaderRetained
ADDED from src/main/AndroidManifest.xml:579:9-588:20
	android:enabled
		ADDED from src/main/AndroidManifest.xml:581:13-53
	android:label
		ADDED from src/main/AndroidManifest.xml:582:13-52
	android:name
		ADDED from src/main/AndroidManifest.xml:580:13-47
activity#com.example.android.apis.app.Intents
ADDED from src/main/AndroidManifest.xml:589:9-597:20
	android:label
		ADDED from src/main/AndroidManifest.xml:591:13-53
	android:name
		ADDED from src/main/AndroidManifest.xml:590:13-40
activity#com.example.android.apis.app.IntentActivityFlags
ADDED from src/main/AndroidManifest.xml:598:9-606:20
	android:label
		ADDED from src/main/AndroidManifest.xml:600:13-67
	android:name
		ADDED from src/main/AndroidManifest.xml:599:13-52
service#com.example.android.apis.app.LocalService
ADDED from src/main/AndroidManifest.xml:607:9-609:43
	android:stopWithTask
		ADDED from src/main/AndroidManifest.xml:609:13-40
	android:name
		ADDED from src/main/AndroidManifest.xml:608:13-45
activity#com.example.android.apis.app.LocalServiceActivities$Controller
ADDED from src/main/AndroidManifest.xml:611:9-620:20
	android:label
		ADDED from src/main/AndroidManifest.xml:613:13-70
	android:launchMode
		ADDED from src/main/AndroidManifest.xml:614:13-43
	android:name
		ADDED from src/main/AndroidManifest.xml:612:13-66
activity#com.example.android.apis.app.LocalServiceActivities$Binding
ADDED from src/main/AndroidManifest.xml:621:9-629:20
	android:label
		ADDED from src/main/AndroidManifest.xml:623:13-67
	android:name
		ADDED from src/main/AndroidManifest.xml:622:13-63
service#com.example.android.apis.app.MessengerService
ADDED from src/main/AndroidManifest.xml:630:9-632:41
	android:process
		ADDED from src/main/AndroidManifest.xml:632:13-38
	android:name
		ADDED from src/main/AndroidManifest.xml:631:13-49
activity#com.example.android.apis.app.MessengerServiceActivities$Binding
ADDED from src/main/AndroidManifest.xml:633:9-641:20
	android:label
		ADDED from src/main/AndroidManifest.xml:635:13-71
	android:name
		ADDED from src/main/AndroidManifest.xml:634:13-67
service#com.example.android.apis.app.RemoteService
ADDED from src/main/AndroidManifest.xml:643:9-645:41
	android:process
		ADDED from src/main/AndroidManifest.xml:645:13-38
	android:name
		ADDED from src/main/AndroidManifest.xml:644:13-46
activity#com.example.android.apis.app.RemoteService$Controller
ADDED from src/main/AndroidManifest.xml:647:9-656:20
	android:label
		ADDED from src/main/AndroidManifest.xml:649:13-71
	android:launchMode
		ADDED from src/main/AndroidManifest.xml:650:13-43
	android:name
		ADDED from src/main/AndroidManifest.xml:648:13-57
activity#com.example.android.apis.app.RemoteService$Binding
ADDED from src/main/AndroidManifest.xml:657:9-665:20
	android:label
		ADDED from src/main/AndroidManifest.xml:659:13-68
	android:name
		ADDED from src/main/AndroidManifest.xml:658:13-54
activity#com.example.android.apis.app.RemoteService$BindingOptions
ADDED from src/main/AndroidManifest.xml:666:9-674:20
	android:label
		ADDED from src/main/AndroidManifest.xml:668:13-76
	android:name
		ADDED from src/main/AndroidManifest.xml:667:13-61
service#com.example.android.apis.app.ServiceStartArguments
ADDED from src/main/AndroidManifest.xml:676:9-62
	android:name
		ADDED from src/main/AndroidManifest.xml:676:18-59
activity#com.example.android.apis.app.ServiceStartArguments$Controller
ADDED from src/main/AndroidManifest.xml:678:9-687:20
	android:label
		ADDED from src/main/AndroidManifest.xml:680:13-80
	android:launchMode
		ADDED from src/main/AndroidManifest.xml:681:13-43
	android:name
		ADDED from src/main/AndroidManifest.xml:679:13-65
service#com.example.android.apis.app.JobWorkService
ADDED from src/main/AndroidManifest.xml:689:9-691:72
	android:permission
		ADDED from src/main/AndroidManifest.xml:691:13-69
	android:name
		ADDED from src/main/AndroidManifest.xml:690:13-47
activity#com.example.android.apis.app.JobWorkServiceActivity
ADDED from src/main/AndroidManifest.xml:693:9-702:20
	android:label
		ADDED from src/main/AndroidManifest.xml:695:13-62
	android:launchMode
		ADDED from src/main/AndroidManifest.xml:696:13-43
	android:name
		ADDED from src/main/AndroidManifest.xml:694:13-55
service#com.example.android.apis.app.ForegroundService
ADDED from src/main/AndroidManifest.xml:704:9-58
	android:name
		ADDED from src/main/AndroidManifest.xml:704:18-55
service#com.example.android.apis.app.ForegroundService2
ADDED from src/main/AndroidManifest.xml:705:9-59
	android:name
		ADDED from src/main/AndroidManifest.xml:705:18-56
activity#com.example.android.apis.app.ForegroundService$Controller
ADDED from src/main/AndroidManifest.xml:707:9-716:20
	android:label